<?xml version="1.0" encoding="UTF-8"?>
<!-- Generated by org.testng.reporters.JUnitReportReporter -->
<testsuite hostname="Bhavana" failures="0" tests="1" name="Collections.Collections" time="0.012" errors="0" timestamp="2023-10-05T17:56:25 IST" skipped="0">
  <testcase classname="Collections.Collections" name="hashset" time="0.012"/>
  <system-out/>
</testsuite> <!-- Collections.Collections -->
