<?xml version="1.0" encoding="UTF-8"?>
<!-- Generated by org.testng.reporters.JUnitReportReporter -->
<testsuite hostname="Bhavana" failures="0" tests="1" name="practice.AmazonTest" time="2.701" errors="0" timestamp="2023-10-05T14:59:29 IST" skipped="0">
  <testcase classname="practice.AmazonTest" name="amazonTest" time="2.701"/>
  <system-out/>
</testsuite> <!-- practice.AmazonTest -->
